<?xml version="1.0" encoding="UTF-8"?>
<testsuite xmlns:xsi="http://www.w3.org/2001/XMLSchema-instance" xsi:noNamespaceSchemaLocation="https://maven.apache.org/surefire/maven-surefire-plugin/xsd/surefire-test-report-3.0.xsd" version="3.0" name="com.bsit.codegeneration.test.pojo.CustomerTest" time="0.013" tests="8" errors="0" skipped="0" failures="0">
  <properties>
[...]
</properties>
  <testcase name="testPaymentListRelationship" classname="com.bsit.codegeneration.test.pojo.CustomerTest" time="0.001"/>
  <testcase name="testStoreRelationship" classname="com.bsit.codegeneration.test.pojo.CustomerTest" time="0.001"/>
  <testcase name="testGettersAndSetters" classname="com.bsit.codegeneration.test.pojo.CustomerTest" time="0.001"/>
  <testcase name="testParameterizedConstructor1" classname="com.bsit.codegeneration.test.pojo.CustomerTest" time="0.001"/>
  <testcase name="testBuilder" classname="com.bsit.codegeneration.test.pojo.CustomerTest" time="0.002"/>
  <testcase name="testAddressRelationship" classname="com.bsit.codegeneration.test.pojo.CustomerTest" time="0.0"/>
  <testcase name="testRentalListRelationship" classname="com.bsit.codegeneration.test.pojo.CustomerTest" time="0.0"/>
  <testcase name="testDefaultConstructor" classname="com.bsit.codegeneration.test.pojo.CustomerTest" time="0.001"/>
</testsuite>